# JRE version: Java(TM) SE Runtime Environment (13.0.1+9) (build 13.0.1+9)
# Java VM: Java HotSpot(TM) 64-Bit Server VM (13.0.1+9, mixed mode, sharing, tiered, compressed oops, g1 gc, windows-amd64)
Heap:
 garbage-first heap   total 24576K, used 6590K [0x00000000c0400000, 0x0000000100000000)
  region size 1024K, 3 young (3072K), 1 survivors (1024K)
 Metaspace       used 12435K, capacity 12759K, committed 13056K, reserved 1060864K
  class space    used 1273K, capacity 1403K, committed 1536K, reserved 1048576K
GC Heap History (20 events):
Event: 26.557 GC heap before
{Heap before GC invocations=182 (full 87):
 garbage-first heap   total 1044480K, used 1043705K [0x00000000c0400000, 0x0000000100000000)
  region size 1024K, 0 young (0K), 0 survivors (0K)
 Metaspace       used 11983K, capacity 12328K, committed 12416K, reserved 1060864K
  class space    used 1246K, capacity 1369K, committed 1408K, reserved 1048576K
}
Event: 26.638 GC heap after
{Heap after GC invocations=183 (full 88):
 garbage-first heap   total 1044480K, used 1043705K [0x00000000c0400000, 0x0000000100000000)
  region size 1024K, 0 young (0K), 0 survivors (0K)
 Metaspace       used 11983K, capacity 12328K, committed 12416K, reserved 1060864K
  class space    used 1246K, capacity 1369K, committed 1408K, reserved 1048576K
}
Event: 26.638 GC heap before
{Heap before GC invocations=183 (full 88):
 garbage-first heap   total 1044480K, used 1043705K [0x00000000c0400000, 0x0000000100000000)
  region size 1024K, 0 young (0K), 0 survivors (0K)
 Metaspace       used 11983K, capacity 12328K, committed 12416K, reserved 1060864K
  class space    used 1246K, capacity 1369K, committed 1408K, reserved 1048576K
}
Event: 26.639 GC heap after
{Heap after GC invocations=184 (full 88):
 garbage-first heap   total 1044480K, used 1043705K [0x00000000c0400000, 0x0000000100000000)
  region size 1024K, 0 young (0K), 0 survivors (0K)
 Metaspace       used 11983K, capacity 12328K, committed 12416K, reserved 1060864K
  class space    used 1246K, capacity 1369K, committed 1408K, reserved 1048576K
}
Event: 26.640 GC heap before
{Heap before GC invocations=184 (full 88):
 garbage-first heap   total 1044480K, used 1043705K [0x00000000c0400000, 0x0000000100000000)
  region size 1024K, 0 young (0K), 0 survivors (0K)
 Metaspace       used 11983K, capacity 12328K, committed 12416K, reserved 1060864K
  class space    used 1246K, capacity 1369K, committed 1408K, reserved 1048576K
}
Event: 26.728 GC heap after
{Heap after GC invocations=185 (full 89):
 garbage-first heap   total 1044480K, used 1043705K [0x00000000c0400000, 0x0000000100000000)
  region size 1024K, 0 young (0K), 0 survivors (0K)
 Metaspace       used 11983K, capacity 12328K, committed 12416K, reserved 1060864K
  class space    used 1246K, capacity 1369K, committed 1408K, reserved 1048576K
}
Event: 26.728 GC heap before
{Heap before GC invocations=185 (full 89):
 garbage-first heap   total 1044480K, used 1043705K [0x00000000c0400000, 0x0000000100000000)
  region size 1024K, 0 young (0K), 0 survivors (0K)
 Metaspace       used 11983K, capacity 12328K, committed 12416K, reserved 1060864K
  class space    used 1246K, capacity 1369K, committed 1408K, reserved 1048576K
}
Event: 26.819 GC heap after
{Heap after GC invocations=186 (full 90):
 garbage-first heap   total 1044480K, used 1043705K [0x00000000c0400000, 0x0000000100000000)
  region size 1024K, 0 young (0K), 0 survivors (0K)
 Metaspace       used 11983K, capacity 12328K, committed 12416K, reserved 1060864K
  class space    used 1246K, capacity 1369K, committed 1408K, reserved 1048576K
}
Event: 26.820 GC heap before
{Heap before GC invocations=186 (full 90):
 garbage-first heap   total 1044480K, used 1043705K [0x00000000c0400000, 0x0000000100000000)
  region size 1024K, 0 young (0K), 0 survivors (0K)
 Metaspace       used 11983K, capacity 12328K, committed 12416K, reserved 1060864K
  class space    used 1246K, capacity 1369K, committed 1408K, reserved 1048576K
}
Event: 26.820 GC heap after
{Heap after GC invocations=187 (full 90):
 garbage-first heap   total 1044480K, used 1043705K [0x00000000c0400000, 0x0000000100000000)
  region size 1024K, 0 young (0K), 0 survivors (0K)
 Metaspace       used 11983K, capacity 12328K, committed 12416K, reserved 1060864K
  class space    used 1246K, capacity 1369K, committed 1408K, reserved 1048576K
}
Event: 26.821 GC heap before
{Heap before GC invocations=187 (full 90):
 garbage-first heap   total 1044480K, used 1043705K [0x00000000c0400000, 0x0000000100000000)
  region size 1024K, 0 young (0K), 0 survivors (0K)
 Metaspace       used 11983K, capacity 12328K, committed 12416K, reserved 1060864K
  class space    used 1246K, capacity 1369K, committed 1408K, reserved 1048576K
}
Event: 26.913 GC heap after
{Heap after GC invocations=188 (full 91):
 garbage-first heap   total 1044480K, used 1043705K [0x00000000c0400000, 0x0000000100000000)
  region size 1024K, 0 young (0K), 0 survivors (0K)
 Metaspace       used 11983K, capacity 12328K, committed 12416K, reserved 1060864K
  class space    used 1246K, capacity 1369K, committed 1408K, reserved 1048576K
}
Event: 26.914 GC heap before
{Heap before GC invocations=188 (full 91):
 garbage-first heap   total 1044480K, used 1043705K [0x00000000c0400000, 0x0000000100000000)
  region size 1024K, 0 young (0K), 0 survivors (0K)
 Metaspace       used 11983K, capacity 12328K, committed 12416K, reserved 1060864K
  class space    used 1246K, capacity 1369K, committed 1408K, reserved 1048576K
}
Event: 27.002 GC heap after
{Heap after GC invocations=189 (full 92):
 garbage-first heap   total 1044480K, used 1043705K [0x00000000c0400000, 0x0000000100000000)
  region size 1024K, 0 young (0K), 0 survivors (0K)
 Metaspace       used 11983K, capacity 12328K, committed 12416K, reserved 1060864K
  class space    used 1246K, capacity 1369K, committed 1408K, reserved 1048576K
}
Event: 27.006 GC heap before
{Heap before GC invocations=189 (full 92):
 garbage-first heap   total 1044480K, used 1043705K [0x00000000c0400000, 0x0000000100000000)
  region size 1024K, 0 young (0K), 0 survivors (0K)
 Metaspace       used 11983K, capacity 12328K, committed 12416K, reserved 1060864K
  class space    used 1246K, capacity 1369K, committed 1408K, reserved 1048576K
}
Event: 27.007 GC heap after
{Heap after GC invocations=190 (full 92):
 garbage-first heap   total 1044480K, used 1043705K [0x00000000c0400000, 0x0000000100000000)
  region size 1024K, 0 young (0K), 0 survivors (0K)
 Metaspace       used 11983K, capacity 12328K, committed 12416K, reserved 1060864K
  class space    used 1246K, capacity 1369K, committed 1408K, reserved 1048576K
}
Event: 27.007 GC heap before
{Heap before GC invocations=190 (full 92):
 garbage-first heap   total 1044480K, used 1043705K [0x00000000c0400000, 0x0000000100000000)
  region size 1024K, 0 young (0K), 0 survivors (0K)
 Metaspace       used 11983K, capacity 12328K, committed 12416K, reserved 1060864K
  class space    used 1246K, capacity 1369K, committed 1408K, reserved 1048576K
}
Event: 27.172 GC heap after
{Heap after GC invocations=191 (full 93):
 garbage-first heap   total 24576K, used 5469K [0x00000000c0400000, 0x0000000100000000)
  region size 1024K, 0 young (0K), 0 survivors (0K)
 Metaspace       used 11983K, capacity 12328K, committed 12416K, reserved 1060864K
  class space    used 1246K, capacity 1369K, committed 1408K, reserved 1048576K
}
Event: 28.958 GC heap before
{Heap before GC invocations=191 (full 93):
 garbage-first heap   total 24576K, used 13661K [0x00000000c0400000, 0x0000000100000000)
  region size 1024K, 8 young (8192K), 0 survivors (0K)
 Metaspace       used 12413K, capacity 12759K, committed 13056K, reserved 1060864K
  class space    used 1273K, capacity 1403K, committed 1536K, reserved 1048576K
}
Event: 28.959 GC heap after
{Heap after GC invocations=192 (full 93):
 garbage-first heap   total 24576K, used 5566K [0x00000000c0400000, 0x0000000100000000)
  region size 1024K, 1 young (1024K), 1 survivors (1024K)
 Metaspace       used 12413K, capacity 12759K, committed 13056K, reserved 1060864K
  class space    used 1273K, capacity 1403K, committed 1536K, reserved 1048576K
}

